<?xml version="1.0" encoding="UTF-8"?>
<!-- Generated by org.testng.reporters.JUnitXMLReporter -->
<testsuite hostname="LAPTOP-DUI2CR0P" ignored="0" name="Test2" tests="3" failures="0" timestamp="20 Sep 2020 09:14:56 GMT" time="88.029" errors="0">
  <testcase name="createRequisition" time="29.976" classname="test.smartrecruit.createrequisition.CreateRequisition"/>
  <testcase name="createRequisition" time="6.396" classname="test.smartrecruit.createrequisition.CreateRequisition"/>
  <testcase name="createRequisition" time="5.848" classname="test.smartrecruit.createrequisition.CreateRequisition"/>
</testsuite> <!-- Test2 -->
